This file contains any messages produced by compilers while
running configure, to aid debugging if configure makes a mistake.

It was created by configure, which was indeed
generated by GNU Autoconf 2.69.  Invocation command line was

  $ /var/www/deps/mod_wsgi/configure 

## --------- ##
## Platform. ##
## --------- ##

hostname = ubuntu-jammy
uname -m = x86_64
uname -r = 5.15.0-52-generic
uname -s = Linux
uname -v = #58-Ubuntu SMP Thu Oct 13 08:03:55 UTC 2022

/usr/bin/uname -p = x86_64
/bin/uname -X     = unknown

/bin/arch              = x86_64
/usr/bin/arch -k       = unknown
/usr/convex/getsysinfo = unknown
/usr/bin/hostinfo      = unknown
/bin/machine           = unknown
/usr/bin/oslevel       = unknown
/bin/universe          = unknown

PATH: /usr/local/sbin
PATH: /usr/local/bin
PATH: /usr/sbin
PATH: /usr/bin
PATH: /sbin
PATH: /bin
PATH: /snap/bin


## ----------- ##
## Core tests. ##
## ----------- ##

configure:1889: checking for apxs2
configure:1908: found /usr/bin/apxs2
configure:1920: result: /usr/bin/apxs2
configure:2014: checking for gcc
configure:2030: found /usr/bin/gcc
configure:2041: result: gcc
configure:2270: checking for C compiler version
configure:2279: gcc --version >&5
gcc (Ubuntu 11.3.0-1ubuntu1~22.04) 11.3.0
Copyright (C) 2021 Free Software Foundation, Inc.
This is free software; see the source for copying conditions.  There is NO
warranty; not even for MERCHANTABILITY or FITNESS FOR A PARTICULAR PURPOSE.

configure:2290: $? = 0
configure:2279: gcc -v >&5
Using built-in specs.
COLLECT_GCC=gcc
COLLECT_LTO_WRAPPER=/usr/lib/gcc/x86_64-linux-gnu/11/lto-wrapper
OFFLOAD_TARGET_NAMES=nvptx-none:amdgcn-amdhsa
OFFLOAD_TARGET_DEFAULT=1
Target: x86_64-linux-gnu
Configured with: ../src/configure -v --with-pkgversion='Ubuntu 11.3.0-1ubuntu1~22.04' --with-bugurl=file:///usr/share/doc/gcc-11/README.Bugs --enable-languages=c,ada,c++,go,brig,d,fortran,objc,obj-c++,m2 --prefix=/usr --with-gcc-major-version-only --program-suffix=-11 --program-prefix=x86_64-linux-gnu- --enable-shared --enable-linker-build-id --libexecdir=/usr/lib --without-included-gettext --enable-threads=posix --libdir=/usr/lib --enable-nls --enable-bootstrap --enable-clocale=gnu --enable-libstdcxx-debug --enable-libstdcxx-time=yes --with-default-libstdcxx-abi=new --enable-gnu-unique-object --disable-vtable-verify --enable-plugin --enable-default-pie --with-system-zlib --enable-libphobos-checking=release --with-target-system-zlib=auto --enable-objc-gc=auto --enable-multiarch --disable-werror --enable-cet --with-arch-32=i686 --with-abi=m64 --with-multilib-list=m32,m64,mx32 --enable-multilib --with-tune=generic --enable-offload-targets=nvptx-none=/build/gcc-11-xKiWfi/gcc-11-11.3.0/debian/tmp-nvptx/usr,amdgcn-amdhsa=/build/gcc-11-xKiWfi/gcc-11-11.3.0/debian/tmp-gcn/usr --without-cuda-driver --enable-checking=release --build=x86_64-linux-gnu --host=x86_64-linux-gnu --target=x86_64-linux-gnu --with-build-config=bootstrap-lto-lean --enable-link-serialization=2
Thread model: posix
Supported LTO compression algorithms: zlib zstd
gcc version 11.3.0 (Ubuntu 11.3.0-1ubuntu1~22.04) 
... rest of stderr output deleted ...
configure:2290: $? = 0
configure:2279: gcc -V >&5
gcc: error: unrecognized command-line option '-V'
gcc: fatal error: no input files
compilation terminated.
configure:2290: $? = 1
configure:2279: gcc -qversion >&5
gcc: error: unrecognized command-line option '-qversion'; did you mean '--version'?
gcc: fatal error: no input files
compilation terminated.
configure:2290: $? = 1
configure:2310: checking whether the C compiler works
configure:2332: gcc    conftest.c  >&5
configure:2336: $? = 0
configure:2384: result: yes
configure:2387: checking for C compiler default output file name
configure:2389: result: a.out
configure:2395: checking for suffix of executables
configure:2402: gcc -o conftest    conftest.c  >&5
configure:2406: $? = 0
configure:2428: result: 
configure:2450: checking whether we are cross compiling
configure:2458: gcc -o conftest    conftest.c  >&5
configure:2462: $? = 0
configure:2469: ./conftest
configure:2473: $? = 0
configure:2488: result: no
configure:2493: checking for suffix of object files
configure:2515: gcc -c   conftest.c >&5
configure:2519: $? = 0
configure:2540: result: o
configure:2544: checking whether we are using the GNU C compiler
configure:2563: gcc -c   conftest.c >&5
configure:2563: $? = 0
configure:2572: result: yes
configure:2581: checking whether gcc accepts -g
configure:2601: gcc -c -g  conftest.c >&5
configure:2601: $? = 0
configure:2642: result: yes
configure:2659: checking for gcc option to accept ISO C89
configure:2722: gcc  -c -g -O2  conftest.c >&5
configure:2722: $? = 0
configure:2735: result: none needed
configure:2758: checking for prctl
configure:2758: gcc -o conftest -g -O2   conftest.c  >&5
configure:2758: $? = 0
configure:2758: result: yes
configure:2768: checking Apache version
configure:2790: result: 2.4.52
configure:2805: checking for python
configure:2839: result: no
configure:3118: creating ./config.status

## ---------------------- ##
## Running config.status. ##
## ---------------------- ##

This file was extended by config.status, which was
generated by GNU Autoconf 2.69.  Invocation command line was

  CONFIG_FILES    = 
  CONFIG_HEADERS  = 
  CONFIG_LINKS    = 
  CONFIG_COMMANDS = 
  $ ./config.status 

on ubuntu-jammy

config.status:723: creating Makefile

## ---------------- ##
## Cache variables. ##
## ---------------- ##

ac_cv_c_compiler_gnu=yes
ac_cv_env_CC_set=
ac_cv_env_CC_value=
ac_cv_env_CFLAGS_set=
ac_cv_env_CFLAGS_value=
ac_cv_env_CPPFLAGS_set=
ac_cv_env_CPPFLAGS_value=
ac_cv_env_LDFLAGS_set=
ac_cv_env_LDFLAGS_value=
ac_cv_env_LIBS_set=
ac_cv_env_LIBS_value=
ac_cv_env_build_alias_set=
ac_cv_env_build_alias_value=
ac_cv_env_host_alias_set=
ac_cv_env_host_alias_value=
ac_cv_env_target_alias_set=
ac_cv_env_target_alias_value=
ac_cv_func_prctl=yes
ac_cv_objext=o
ac_cv_path_APXS=/usr/bin/apxs2
ac_cv_prog_ac_ct_CC=gcc
ac_cv_prog_cc_c89=
ac_cv_prog_cc_g=yes

## ----------------- ##
## Output variables. ##
## ----------------- ##

APXS='/usr/bin/apxs2'
CC='gcc'
CFLAGS=' -Wc,-g -Wc,-O2 '
CPPFLAGS='   '
DEFS='-DPACKAGE_NAME=\"\" -DPACKAGE_TARNAME=\"\" -DPACKAGE_VERSION=\"\" -DPACKAGE_STRING=\"\" -DPACKAGE_BUGREPORT=\"\" -DPACKAGE_URL=\"\" -DHAVE_PRCTL=1'
DESTDIR=''
ECHO_C=''
ECHO_N='-n'
ECHO_T=''
EXEEXT=''
LDFLAGS=' -L -L '
LDLIBS=' -lpython  '
LIBEXECDIR='/usr/lib/apache2/modules'
LIBOBJS=''
LIBS=''
LTLIBOBJS=''
OBJEXT='o'
PACKAGE_BUGREPORT=''
PACKAGE_NAME=''
PACKAGE_STRING=''
PACKAGE_TARNAME=''
PACKAGE_URL=''
PACKAGE_VERSION=''
PATH_SEPARATOR=':'
PYTHON='python'
SHELL='/bin/bash'
ac_ct_CC='gcc'
bindir='${exec_prefix}/bin'
build_alias=''
datadir='${datarootdir}'
datarootdir='${prefix}/share'
docdir='${datarootdir}/doc/${PACKAGE}'
dvidir='${docdir}'
exec_prefix='${prefix}'
host_alias=''
htmldir='${docdir}'
includedir='${prefix}/include'
infodir='${datarootdir}/info'
libdir='${exec_prefix}/lib'
libexecdir='${exec_prefix}/libexec'
localedir='${datarootdir}/locale'
localstatedir='${prefix}/var'
mandir='${datarootdir}/man'
oldincludedir='/usr/include'
pdfdir='${docdir}'
prefix='/usr/local'
program_transform_name='s,x,x,'
psdir='${docdir}'
sbindir='${exec_prefix}/sbin'
sharedstatedir='${prefix}/com'
sysconfdir='${prefix}/etc'
target_alias=''

## ----------- ##
## confdefs.h. ##
## ----------- ##

/* confdefs.h */
#define PACKAGE_NAME ""
#define PACKAGE_TARNAME ""
#define PACKAGE_VERSION ""
#define PACKAGE_STRING ""
#define PACKAGE_BUGREPORT ""
#define PACKAGE_URL ""
#define HAVE_PRCTL 1

configure: exit 0
